2024-06-07 20:18:52,450 Chat processor load started
2024-06-07 20:18:57,795 Command netban do not have access level. Fail
2024-06-07 20:18:57,827 Command unbanhdd do not have access level. Fail
2024-06-07 20:18:57,827 Command unbannet do not have access level. Fail
2024-06-07 20:18:57,827 Command spawnfix do not have access level. Fail
2024-06-07 20:18:57,835 Command banhdd do not have access level. Fail
2024-06-07 20:18:57,835 Loaded 138 commands.
2024-06-07 20:18:58,671 Loaded 140 commands.
2024-06-07 20:19:00,854 Command dye is already registered. Fail
2024-06-07 20:19:00,855 Command clean is already registered. Fail
2024-06-07 20:19:00,856 Loaded 174 commands.
2024-06-07 20:53:10,111 [ADMIN COMMAND] > [Name: Neve][Target : Warrior Spirit]: kill
2024-06-07 21:01:40,743 [ADMIN COMMAND] > [Name: Neve][Target : Thorn Clodworm]: kill
2024-06-07 21:02:23,752 [ADMIN COMMAND] > [Name: Neve][Target : Fluttering Mudthorn]: kill
2024-06-07 21:02:29,866 [ADMIN COMMAND] > [Name: Neve][Target : Thorn Clodworm]: kill
2024-06-07 21:02:35,057 [ADMIN COMMAND] > [Name: Neve][Target : Rustscale Crynac]: kill
2024-06-07 21:02:40,907 [ADMIN COMMAND] > [Name: Neve][Target : Rustscale Crynac]: kill
2024-06-07 21:02:50,748 [ADMIN COMMAND] > [Name: Neve][Target : Octacide]: kill
2024-06-07 21:03:01,867 [ADMIN COMMAND] > [Name: Neve][Target : Vortex Waterworm]: kill
2024-06-07 21:03:06,487 [ADMIN COMMAND] > [Name: Neve][Target : Vortex Waterworm]: kill
2024-06-07 21:03:20,280 [ADMIN COMMAND] > [Name: Neve]: speed 300
2024-06-07 21:04:31,888 [ADMIN COMMAND] > [Name: Neve][Target : Bollvig Blackheart]: kill
