2024-06-07 20:37:57,140 [ITEM] ID/Count/Item Name - 182400001/1459/Kinah to player Neve
2024-06-07 20:37:57,304 [ITEM] ID/Count/Item Name - 125000683/1/Ruin Headband to player Neve
2024-06-07 20:37:57,472 [ITEM] ID/Count/Item Name - 152010313/1/Tough Rawhide to player Neve
2024-06-07 20:37:57,717 [ITEM] ID/Count/Item Name - 152011006/1/Fine Weapon Flux to player Neve
2024-06-07 20:37:57,883 [ITEM] ID/Count/Item Name - 167000532/1/Manastone: Resist Magic +7 to player Neve
2024-06-07 20:37:58,030 [ITEM] ID/Count/Item Name - 169000008/3/Fine Power Shard to player Neve
2024-06-07 20:37:58,212 [ITEM] ID/Count/Item Name - 182005010/1/Sharp Windwisp Claw to player Neve
2024-06-07 20:38:06,973 [ITEM] ID/Count/Item Name - 182400001/576/Kinah to player Neve
2024-06-07 20:38:07,139 [ITEM] ID/Count/Item Name - 112300546/1/Dimensional Shoulderguards to player Neve
2024-06-07 20:38:07,308 [ITEM] ID/Count/Item Name - 152011052/1/[Static] Worthy Fine Accessory Flux to player Neve
2024-06-07 20:38:07,474 [ITEM] ID/Count/Item Name - 169000008/2/Fine Power Shard to player Neve
2024-06-07 20:38:07,624 [ITEM] ID/Count/Item Name - 182005010/1/Sharp Windwisp Claw to player Neve
2024-06-07 20:38:22,507 [ITEM] ID/Count/Item Name - 182400001/1467/Kinah to player Neve
2024-06-07 20:38:22,671 [ITEM] ID/Count/Item Name - 152010317/1/Major Elemental Stone to player Neve
2024-06-07 20:38:22,817 [ITEM] ID/Count/Item Name - 182005010/1/Sharp Windwisp Claw to player Neve
2024-06-07 20:39:57,803 [ITEM] ID/Count/Item Name - 182400001/2124/Kinah to player Neve
2024-06-07 20:39:57,983 [ITEM] ID/Count/Item Name - 162000010/1/[Static] Greater Mana Potion to player Neve
2024-06-07 20:39:58,148 [ITEM] ID/Count/Item Name - 169000008/3/Fine Power Shard to player Neve
2024-06-07 20:39:58,311 [ITEM] ID/Count/Item Name - 182004981/1/Huge Soul Fragment to player Neve
2024-06-07 20:40:14,635 [ITEM] ID/Count/Item Name - 182400001/236/Kinah to player Neve
2024-06-07 20:40:14,813 [ITEM] ID/Count/Item Name - 113300575/1/Jungle Breeches to player Neve
2024-06-07 20:40:14,979 [ITEM] ID/Count/Item Name - 152010317/1/Major Elemental Stone to player Neve
2024-06-07 20:40:15,126 [ITEM] ID/Count/Item Name - 162000005/1/[Static] Greater Life Potion to player Neve
2024-06-07 20:40:15,290 [ITEM] ID/Count/Item Name - 167000533/1/Manastone: Magical Accuracy +9 to player Neve
2024-06-07 20:40:15,437 [ITEM] ID/Count/Item Name - 182004981/1/Huge Soul Fragment to player Neve
2024-06-07 20:41:03,456 [ITEM] ID/Count/Item Name - 182400001/2431/Kinah to player Neve
2024-06-07 20:41:03,602 [ITEM] ID/Count/Item Name - 120000403/1/Infinity Ruby Earrings to player Neve
2024-06-07 20:41:03,751 [ITEM] ID/Count/Item Name - 113500548/1/Jungle Chausses to player Neve
2024-06-07 20:41:03,917 [ITEM] ID/Count/Item Name - 152010313/1/Tough Rawhide to player Neve
2024-06-07 20:41:04,081 [ITEM] ID/Count/Item Name - 152010317/1/Major Elemental Stone to player Neve
2024-06-07 20:41:04,233 [ITEM] ID/Count/Item Name - 167000323/1/Manastone: MP +50 to player Neve
2024-06-07 20:41:04,383 [ITEM] ID/Count/Item Name - 182005010/1/Sharp Windwisp Claw to player Neve
2024-06-07 20:41:17,075 [ITEM] ID/Count/Item Name - 182400001/1257/Kinah to player Neve
2024-06-07 20:41:17,241 [ITEM] ID/Count/Item Name - 152010317/1/Major Elemental Stone to player Neve
2024-06-07 20:41:17,387 [ITEM] ID/Count/Item Name - 162000060/1/[Static] Greater Mana Elixir to player Neve
2024-06-07 20:41:17,536 [ITEM] ID/Count/Item Name - 169000008/5/Fine Power Shard to player Neve
2024-06-07 20:41:17,701 [ITEM] ID/Count/Item Name - 182004981/1/Huge Soul Fragment to player Neve
2024-06-07 20:48:38,782 [ITEM] ID/Count/Item Name - 152011053/1/[Static] Worthy Superb Accessory Flux to player Neve
2024-06-07 20:49:35,199 [ITEM] ID/Count/Item Name - 152010317/1/Major Elemental Stone to player Neve
2024-06-07 20:49:42,572 [ITEM] ID/Count/Item Name - 167000358/1/Manastone: Attack +3 to player Neve
2024-06-07 20:49:47,421 [ITEM] ID/Count/Item Name - 182004981/1/Huge Soul Fragment to player Neve
2024-06-07 20:49:59,484 [ITEM] ID/Count/Item Name - 182400001/1625/Kinah to player Neve
2024-06-07 20:49:59,618 [ITEM] ID/Count/Item Name - 113100569/1/Barrens Leggings to player Neve
2024-06-07 20:49:59,796 [ITEM] ID/Count/Item Name - 152010317/1/Major Elemental Stone to player Neve
2024-06-07 20:49:59,976 [ITEM] ID/Count/Item Name - 162000060/1/[Static] Greater Mana Elixir to player Neve
2024-06-07 20:50:00,113 [ITEM] ID/Count/Item Name - 167000329/1/Manastone: Block +18 to player Neve
2024-06-07 20:50:00,277 [ITEM] ID/Count/Item Name - 169000008/3/Fine Power Shard to player Neve
2024-06-07 20:50:00,426 [ITEM] ID/Count/Item Name - 182005010/1/Sharp Windwisp Claw to player Neve
2024-06-07 20:50:17,683 [ITEM] ID/Count/Item Name - 182400001/543/Kinah to player Neve
2024-06-07 20:50:17,831 [ITEM] ID/Count/Item Name - 115000333/1/Ruin Shield to player Neve
2024-06-07 20:50:17,980 [ITEM] ID/Count/Item Name - 167000533/1/Manastone: Magical Accuracy +9 to player Neve
2024-06-07 20:50:18,131 [ITEM] ID/Count/Item Name - 169000008/1/Fine Power Shard to player Neve
2024-06-07 20:50:18,296 [ITEM] ID/Count/Item Name - 182004981/1/Huge Soul Fragment to player Neve
2024-06-07 20:54:41,710 [ITEM] ID/Count/Item Name - 123000427/1/Infinity Belt to player Neve
2024-06-07 20:54:42,041 [ITEM] ID/Count/Item Name - 152010313/1/Tough Rawhide to player Neve
2024-06-07 20:54:42,418 [ITEM] ID/Count/Item Name - 152015009/1/Raw Basilisk Meat to player Neve
2024-06-07 20:54:42,630 [ITEM] ID/Count/Item Name - 167000356/1/Manastone: Accuracy +20 to player Neve
2024-06-07 20:54:42,797 [ITEM] ID/Count/Item Name - 169000008/3/Fine Power Shard to player Neve
2024-06-07 20:54:42,947 [ITEM] ID/Count/Item Name - 182003860/1/Hard Basilisk Bone to player Neve
2024-06-07 21:02:05,254 [ITEM] ID/Count/Item Name - 152010313/1/Tough Rawhide to player Neve
2024-06-07 21:02:05,418 [ITEM] ID/Count/Item Name - 152010317/1/Major Elemental Stone to player Neve
2024-06-07 21:02:05,580 [ITEM] ID/Count/Item Name - 167000360/1/Manastone: Parry +20 to player Neve
2024-06-07 21:02:05,697 [ITEM] ID/Count/Item Name - 182003991/1/Tender Clodworm Meat to player Neve
2024-06-07 21:02:17,147 [ITEM] ID/Count/Item Name - 182400001/2025/Kinah to player Neve
2024-06-07 21:02:17,466 [ITEM] ID/Count/Item Name - 152010313/1/Tough Rawhide to player Neve
2024-06-07 21:02:17,619 [ITEM] ID/Count/Item Name - 152010317/1/Major Elemental Stone to player Neve
2024-06-07 21:02:18,882 [ITEM] ID/Count/Item Name - 182004031/1/Hazy Crynac Scale to player Neve
2024-06-07 21:02:24,538 [ITEM] ID/Count/Item Name - 182400001/2064/Kinah to player Neve
2024-06-07 21:02:24,721 [ITEM] ID/Count/Item Name - 120000368/1/Beggar's Sapphire Earrings to player Neve
2024-06-07 21:02:24,883 [ITEM] ID/Count/Item Name - 152011033/1/[Static] Worthy Superb Armor Flux to player Neve
2024-06-07 21:02:25,034 [ITEM] ID/Count/Item Name - 167000517/1/Manastone: Evasion +15 to player Neve
2024-06-07 21:02:25,216 [ITEM] ID/Count/Item Name - 160003555/1/Major Rally Serum to player Neve
2024-06-07 21:02:25,348 [ITEM] ID/Count/Item Name - 169000008/2/Fine Power Shard to player Neve
2024-06-07 21:02:25,514 [ITEM] ID/Count/Item Name - 182004561/1/Mottled Mudthorn Thorn to player Neve
2024-06-07 21:02:31,101 [ITEM] ID/Count/Item Name - 152011053/1/[Static] Worthy Superb Accessory Flux to player Neve
2024-06-07 21:02:31,266 [ITEM] ID/Count/Item Name - 152010313/1/Tough Rawhide to player Neve
2024-06-07 21:02:31,431 [ITEM] ID/Count/Item Name - 152010317/1/Major Elemental Stone to player Neve
2024-06-07 21:02:31,580 [ITEM] ID/Count/Item Name - 152011006/1/Fine Weapon Flux to player Neve
2024-06-07 21:02:31,742 [ITEM] ID/Count/Item Name - 169000008/2/Fine Power Shard to player Neve
2024-06-07 21:02:31,903 [ITEM] ID/Count/Item Name - 182003991/1/Tender Clodworm Meat to player Neve
2024-06-07 21:02:36,063 [ITEM] ID/Count/Item Name - 182400001/1261/Kinah to player Neve
2024-06-07 21:02:36,213 [ITEM] ID/Count/Item Name - 112300514/1/Jungle Shoulderguards to player Neve
2024-06-07 21:02:36,361 [ITEM] ID/Count/Item Name - 152010313/1/Tough Rawhide to player Neve
2024-06-07 21:02:36,526 [ITEM] ID/Count/Item Name - 167000533/1/Manastone: Magical Accuracy +9 to player Neve
2024-06-07 21:02:36,692 [ITEM] ID/Count/Item Name - 182004031/1/Hazy Crynac Scale to player Neve
2024-06-07 21:02:46,294 [ITEM] ID/Count/Item Name - 182400001/2460/Kinah to player Neve
2024-06-07 21:02:46,460 [ITEM] ID/Count/Item Name - 169000008/2/Fine Power Shard to player Neve
2024-06-07 21:02:46,627 [ITEM] ID/Count/Item Name - 182004031/1/Hazy Crynac Scale to player Neve
2024-06-07 21:03:03,961 [ITEM] ID/Count/Item Name - 182400001/874/Kinah to player Neve
2024-06-07 21:03:04,129 [ITEM] ID/Count/Item Name - 152010317/1/Major Elemental Stone to player Neve
2024-06-07 21:03:04,280 [ITEM] ID/Count/Item Name - 167000361/1/Manastone: Block +20 to player Neve
2024-06-07 21:03:04,445 [ITEM] ID/Count/Item Name - 169000008/1/Fine Power Shard to player Neve
2024-06-07 21:03:04,612 [ITEM] ID/Count/Item Name - 182005051/1/Dark Red Ampha Fluid to player Neve
2024-06-07 21:03:09,385 [ITEM] ID/Count/Item Name - 182400001/1347/Kinah to player Neve
2024-06-07 21:03:09,551 [ITEM] ID/Count/Item Name - 152010313/1/Tough Rawhide to player Neve
2024-06-07 21:03:09,702 [ITEM] ID/Count/Item Name - 152010317/1/Major Elemental Stone to player Neve
2024-06-07 21:03:09,867 [ITEM] ID/Count/Item Name - 152011027/1/[Static] Superb Armor Flux to player Neve
2024-06-07 21:03:10,031 [ITEM] ID/Count/Item Name - 167000534/1/Manastone: Resist Magic +9 to player Neve
2024-06-07 21:03:10,183 [ITEM] ID/Count/Item Name - 182005051/1/Dark Red Ampha Fluid to player Neve
2024-06-07 21:03:42,378 [ITEM] ID/Count/Item Name - 182400001/3157/Kinah to player Neve
2024-06-07 21:03:42,564 [ITEM] ID/Count/Item Name - 152010317/1/Major Elemental Stone to player Neve
2024-06-07 21:03:42,715 [ITEM] ID/Count/Item Name - 152011027/1/[Static] Superb Armor Flux to player Neve
2024-06-07 21:03:42,863 [ITEM] ID/Count/Item Name - 162000005/1/[Static] Greater Life Potion to player Neve
2024-06-07 21:03:43,026 [ITEM] ID/Count/Item Name - 167000359/1/Manastone: Magic Boost +20 to player Neve
2024-06-07 21:03:43,175 [ITEM] ID/Count/Item Name - 169000008/4/Fine Power Shard to player Neve
2024-06-07 21:03:43,339 [ITEM] ID/Count/Item Name - 182004301/1/Solid Bone to player Neve
2024-06-07 21:03:52,275 [ITEM] ID/Count/Item Name - 182400001/2342/Kinah to player Neve
2024-06-07 21:03:52,428 [ITEM] ID/Count/Item Name - 125000686/1/Ruin Helm to player Neve
2024-06-07 21:03:52,606 [ITEM] ID/Count/Item Name - 152010317/1/Major Elemental Stone to player Neve
2024-06-07 21:03:52,736 [ITEM] ID/Count/Item Name - 162000005/1/[Static] Greater Life Potion to player Neve
2024-06-07 21:03:52,867 [ITEM] ID/Count/Item Name - 167000361/1/Manastone: Block +20 to player Neve
2024-06-07 21:03:53,036 [ITEM] ID/Count/Item Name - 169000008/4/Fine Power Shard to player Neve
2024-06-07 21:03:53,202 [ITEM] ID/Count/Item Name - 182004411/1/Solid Lich Bone to player Neve
2024-06-07 21:04:08,883 [ITEM] ID/Count/Item Name - 182400001/2075/Kinah to player Neve
2024-06-07 21:04:09,867 [ITEM] ID/Count/Item Name - 100900296/1/Ruin Greatsword to player Neve
2024-06-07 21:04:10,098 [ITEM] ID/Count/Item Name - 110100634/1/Ruin Tunic to player Neve
2024-06-07 21:04:10,247 [ITEM] ID/Count/Item Name - 152010317/1/Major Elemental Stone to player Neve
2024-06-07 21:04:10,789 [ITEM] ID/Count/Item Name - 167000359/1/Manastone: Magic Boost +20 to player Neve
2024-06-07 21:04:11,075 [ITEM] ID/Count/Item Name - 169000008/2/Fine Power Shard to player Neve
2024-06-07 21:04:11,257 [ITEM] ID/Count/Item Name - 182004301/1/Solid Bone to player Neve
2024-06-07 21:04:32,745 [ITEM] ID/Count/Item Name - 182400001/5614/Kinah to player Neve
2024-06-07 21:04:32,927 [ITEM] ID/Count/Item Name - 115000731/1/Black Heart's Shield to player Neve
2024-06-07 21:04:33,393 [ITEM] ID/Count/Item Name - 121000679/1/Bollvig's Necklace to player Neve
2024-06-07 21:04:35,335 [ITEM] ID/Count/Item Name - 140000377/1/Cyclone of Wrath II to player Neve
2024-06-07 21:04:35,403 [ITEM] ID/Count/Item Name - 152011054/1/[Static] Worthy Premium Accessory Flux to player Neve
2024-06-07 21:04:38,752 [ITEM] ID/Count/Item Name - 167000534/1/Manastone: Resist Magic +9 to player Neve
2024-06-07 21:04:38,948 [ITEM] ID/Count/Item Name - 169000009/4/Premium Power Shard to player Neve
2024-06-07 21:19:11,972 [ITEM] ID/Count/Item Name - 162002024/3/[Event] Nutritional Jelly Paste to player Neve
2024-06-07 21:19:13,971 [ITEM] ID/Count/Item Name - 164002116/1/[Event] Rx: Accelerox to player Neve
