2024-06-07 20:18:52,442 Some maps were not loaded correctly and reverted to dummy implementation: 
2024-06-07 20:18:52,443 [130090000, 140010000, 210070000, 210080000, 210090000, 220080000, 220090000, 220100000, 300610000, 300620000, 300630000, 301150000, 301220000, 301230000, 301240000, 301250000, 301260000, 301270000, 301280000, 301290000, 301300000, 301310000, 301320000, 301330000, 301340000, 301360000, 301370000, 301380000, 301390000, 301400000, 301500000, 301510000, 301520000, 900150000, 900170000, 900180000, 900190000, 900200000, 900220000]
2024-06-07 20:18:57,839 class com.aionemu.gameserver.utils.chathandlers.ChatProcessor$1 - execution time: 5379msec
2024-06-07 20:19:00,856 class com.aionemu.gameserver.utils.chathandlers.ChatProcessor$1 - execution time: 8399msec
2024-06-07 20:19:00,856 class com.aionemu.gameserver.GameServer$2 - execution time: 8405msec
2024-06-07 20:19:02,396 class com.aionemu.gameserver.GameServer$2 - execution time: 9945msec
2024-06-07 20:19:05,469 class com.aionemu.gameserver.GameServer$2 - execution time: 13019msec
2024-06-07 20:19:13,959 Automatic restart/shutdown system disable.
2024-06-07 20:34:19,396 class com.aionemu.gameserver.services.EventService$2 - execution time: 7419msec
2024-06-07 20:47:44,549 class com.aionemu.gameserver.skillengine.model.Skill$1 - execution time: 10996msec
2024-06-07 20:48:01,309 class com.aionemu.gameserver.ai2.manager.SimpleAttackManager$SimpleAttackAction - execution time: 12944msec
2024-06-07 20:48:39,550 Null requested index item: 2 npcId307906 player: 307832
2024-06-07 20:49:20,705 Null requested index item: 2 npcId307906 player: 307832
2024-06-07 20:49:25,635 Null requested index item: 2 npcId307906 player: 307832
2024-06-07 20:49:25,867 Null requested index item: 2 npcId307906 player: 307832
2024-06-07 20:49:26,068 Null requested index item: 2 npcId307906 player: 307832
2024-06-07 20:49:26,266 Null requested index item: 2 npcId307906 player: 307832
2024-06-07 20:49:26,459 Null requested index item: 2 npcId307906 player: 307832
2024-06-07 20:49:26,626 Null requested index item: 2 npcId307906 player: 307832
2024-06-07 20:49:26,811 Null requested index item: 2 npcId307906 player: 307832
2024-06-07 20:49:27,001 Null requested index item: 2 npcId307906 player: 307832
2024-06-07 20:49:27,185 Null requested index item: 2 npcId307906 player: 307832
2024-06-07 20:49:27,369 Null requested index item: 2 npcId307906 player: 307832
2024-06-07 20:49:27,553 Null requested index item: 2 npcId307906 player: 307832
2024-06-07 20:49:27,897 Null requested index item: 2 npcId307906 player: 307832
2024-06-07 20:49:28,120 Null requested index item: 2 npcId307906 player: 307832
2024-06-07 20:49:28,273 Null requested index item: 2 npcId307906 player: 307832
2024-06-07 20:49:28,464 Null requested index item: 2 npcId307906 player: 307832
2024-06-07 20:49:28,780 Null requested index item: 2 npcId307906 player: 307832
2024-06-07 20:49:35,199 Null requested index item: 4 npcId307906 player: 307832
2024-06-07 20:49:35,199 Null requested index item: 4 npcId307906 player: 307832
2024-06-07 20:49:35,200 Null requested index item: 4 npcId307906 player: 307832
2024-06-07 20:49:42,780 Null requested index item: 3 npcId307906 player: 307832
2024-06-07 20:49:42,979 Null requested index item: 3 npcId307906 player: 307832
2024-06-07 20:49:43,187 Null requested index item: 3 npcId307906 player: 307832
2024-06-07 20:49:43,427 Null requested index item: 3 npcId307906 player: 307832
2024-06-07 20:56:13,231 Unknown packet received from Aion client: 0x01DF, state=IN_GAME 
0000: 3F 09 01 00                                        ?...
2024-06-07 20:56:37,287 Unknown packet received from Aion client: 0x01DF, state=IN_GAME 
0000: 3F 09 01 00                                        ?...
2024-06-07 20:56:46,909 Unknown packet received from Aion client: 0x01DF, state=IN_GAME 
0000: 3F 09 01 00                                        ?...
2024-06-07 20:56:48,771 Unknown packet received from Aion client: 0x01DF, state=IN_GAME 
0000: 3F 09 01 00                                        ?...
2024-06-07 20:57:05,175 Unknown packet received from Aion client: 0x01DF, state=IN_GAME 
0000: 3F 09 01 00                                        ?...
2024-06-07 20:57:39,515 Unknown packet received from Aion client: 0x01DF, state=IN_GAME 
0000: 3F 09 01 00                                        ?...
2024-06-07 20:57:41,374 Unknown packet received from Aion client: 0x01DF, state=IN_GAME 
0000: 3F 09 01 00                                        ?...
2024-06-07 20:57:45,209 Unknown packet received from Aion client: 0x01DF, state=IN_GAME 
0000: 3F 09 01 00                                        ?...
2024-06-07 20:57:47,172 Unknown packet received from Aion client: 0x01DF, state=IN_GAME 
0000: 3F 09 01 00                                        ?...
2024-06-07 20:57:55,926 Unknown packet received from Aion client: 0x01DF, state=IN_GAME 
0000: 3F 09 01 00                                        ?...
2024-06-07 20:58:12,621 class com.aionemu.gameserver.skillengine.model.Skill$1 - execution time: 121308msec
2024-06-07 20:58:37,992 Unknown packet received from Aion client: 0x01DF, state=IN_GAME 
0000: 47 09 01 00                                        G...
2024-06-07 20:58:38,099 Unknown packet received from Aion client: 0x01DF, state=IN_GAME 
0000: 47 09 01 00                                        G...
2024-06-07 20:58:38,100 Unknown packet received from Aion client: 0x01DF, state=IN_GAME 
0000: 47 09 01 00                                        G...
2024-06-07 20:58:38,204 Unknown packet received from Aion client: 0x01DF, state=IN_GAME 
0000: 47 09 01 00                                        G...
2024-06-07 20:58:38,314 Unknown packet received from Aion client: 0x01DF, state=IN_GAME 
0000: 47 09 01 00                                        G...
2024-06-07 20:58:38,428 Unknown packet received from Aion client: 0x01DF, state=IN_GAME 
0000: 47 09 01 00                                        G...
2024-06-07 20:58:38,534 Unknown packet received from Aion client: 0x01DF, state=IN_GAME 
0000: 47 09 01 00                                        G...
2024-06-07 20:58:38,643 Unknown packet received from Aion client: 0x01DF, state=IN_GAME 
0000: 47 09 01 00                                        G...
2024-06-07 20:58:38,752 Unknown packet received from Aion client: 0x01DF, state=IN_GAME 
0000: 47 09 01 00                                        G...
2024-06-07 20:58:38,864 Unknown packet received from Aion client: 0x01DF, state=IN_GAME 
0000: 47 09 01 00                                        G...
2024-06-07 20:58:38,971 Unknown packet received from Aion client: 0x01DF, state=IN_GAME 
0000: 47 09 01 00                                        G...
2024-06-07 20:58:39,079 Unknown packet received from Aion client: 0x01DF, state=IN_GAME 
0000: 47 09 01 00                                        G...
2024-06-07 20:58:39,192 Unknown packet received from Aion client: 0x01DF, state=IN_GAME 
0000: 47 09 01 00                                        G...
2024-06-07 20:58:39,297 Unknown packet received from Aion client: 0x01DF, state=IN_GAME 
0000: 47 09 01 00                                        G...
2024-06-07 20:58:39,412 Unknown packet received from Aion client: 0x01DF, state=IN_GAME 
0000: 47 09 01 00                                        G...
2024-06-07 20:58:39,524 Unknown packet received from Aion client: 0x01DF, state=IN_GAME 
0000: 47 09 01 00                                        G...
2024-06-07 20:58:39,526 Unknown packet received from Aion client: 0x01DF, state=IN_GAME 
0000: 47 09 01 00                                        G...
2024-06-07 20:58:39,635 Unknown packet received from Aion client: 0x01DF, state=IN_GAME 
0000: 47 09 01 00                                        G...
2024-06-07 20:58:39,736 Unknown packet received from Aion client: 0x01DF, state=IN_GAME 
0000: 47 09 01 00                                        G...
2024-06-07 20:58:39,847 Unknown packet received from Aion client: 0x01DF, state=IN_GAME 
0000: 47 09 01 00                                        G...
2024-06-07 20:58:39,958 Unknown packet received from Aion client: 0x01DF, state=IN_GAME 
0000: 47 09 01 00                                        G...
2024-06-07 20:58:40,062 Unknown packet received from Aion client: 0x01DF, state=IN_GAME 
0000: 47 09 01 00                                        G...
2024-06-07 20:58:40,174 Unknown packet received from Aion client: 0x01DF, state=IN_GAME 
0000: 47 09 01 00                                        G...
2024-06-07 20:58:40,281 Unknown packet received from Aion client: 0x01DF, state=IN_GAME 
0000: 47 09 01 00                                        G...
2024-06-07 20:58:40,395 Unknown packet received from Aion client: 0x01DF, state=IN_GAME 
0000: 47 09 01 00                                        G...
2024-06-07 20:58:40,502 Unknown packet received from Aion client: 0x01DF, state=IN_GAME 
0000: 47 09 01 00                                        G...
2024-06-07 20:58:40,611 Unknown packet received from Aion client: 0x01DF, state=IN_GAME 
0000: 47 09 01 00                                        G...
2024-06-07 20:58:40,611 Unknown packet received from Aion client: 0x01DF, state=IN_GAME 
0000: 47 09 01 00                                        G...
2024-06-07 20:58:40,721 Unknown packet received from Aion client: 0x01DF, state=IN_GAME 
0000: 47 09 01 00                                        G...
2024-06-07 20:58:40,828 Unknown packet received from Aion client: 0x01DF, state=IN_GAME 
0000: 47 09 01 00                                        G...
2024-06-07 20:58:40,940 Unknown packet received from Aion client: 0x01DF, state=IN_GAME 
0000: 47 09 01 00                                        G...
2024-06-07 20:58:41,052 Unknown packet received from Aion client: 0x01DF, state=IN_GAME 
0000: 47 09 01 00                                        G...
2024-06-07 20:58:41,157 Unknown packet received from Aion client: 0x01DF, state=IN_GAME 
0000: 47 09 01 00                                        G...
2024-06-07 20:58:41,267 Unknown packet received from Aion client: 0x01DF, state=IN_GAME 
0000: 47 09 01 00                                        G...
2024-06-07 20:58:41,376 Unknown packet received from Aion client: 0x01DF, state=IN_GAME 
0000: 47 09 01 00                                        G...
2024-06-07 20:58:41,493 Unknown packet received from Aion client: 0x01DF, state=IN_GAME 
0000: 47 09 01 00                                        G...
2024-06-07 20:58:41,599 Unknown packet received from Aion client: 0x01DF, state=IN_GAME 
0000: 47 09 01 00                                        G...
2024-06-07 20:58:41,710 Unknown packet received from Aion client: 0x01DF, state=IN_GAME 
0000: 47 09 01 00                                        G...
2024-06-07 20:58:41,817 Unknown packet received from Aion client: 0x01DF, state=IN_GAME 
0000: 47 09 01 00                                        G...
2024-06-07 20:58:41,927 Unknown packet received from Aion client: 0x01DF, state=IN_GAME 
0000: 47 09 01 00                                        G...
2024-06-07 20:58:41,928 Unknown packet received from Aion client: 0x01DF, state=IN_GAME 
0000: 47 09 01 00                                        G...
2024-06-07 20:58:42,037 Unknown packet received from Aion client: 0x01DF, state=IN_GAME 
0000: 47 09 01 00                                        G...
2024-06-07 20:58:42,141 Unknown packet received from Aion client: 0x01DF, state=IN_GAME 
0000: 47 09 01 00                                        G...
2024-06-07 20:58:42,261 Unknown packet received from Aion client: 0x01DF, state=IN_GAME 
0000: 47 09 01 00                                        G...
2024-06-07 20:58:42,360 Unknown packet received from Aion client: 0x01DF, state=IN_GAME 
0000: 47 09 01 00                                        G...
2024-06-07 20:58:42,468 Unknown packet received from Aion client: 0x01DF, state=IN_GAME 
0000: 47 09 01 00                                        G...
2024-06-07 20:58:42,579 Unknown packet received from Aion client: 0x01DF, state=IN_GAME 
0000: 47 09 01 00                                        G...
2024-06-07 20:58:42,689 Unknown packet received from Aion client: 0x01DF, state=IN_GAME 
0000: 47 09 01 00                                        G...
2024-06-07 20:58:42,799 Unknown packet received from Aion client: 0x01DF, state=IN_GAME 
0000: 47 09 01 00                                        G...
2024-06-07 20:58:42,912 Unknown packet received from Aion client: 0x01DF, state=IN_GAME 
0000: 47 09 01 00                                        G...
2024-06-07 20:58:43,017 Unknown packet received from Aion client: 0x01DF, state=IN_GAME 
0000: 47 09 01 00                                        G...
2024-06-07 20:58:43,128 Unknown packet received from Aion client: 0x01DF, state=IN_GAME 
0000: 47 09 01 00                                        G...
2024-06-07 20:58:43,237 Unknown packet received from Aion client: 0x01DF, state=IN_GAME 
0000: 47 09 01 00                                        G...
2024-06-07 20:58:43,237 Unknown packet received from Aion client: 0x01DF, state=IN_GAME 
0000: 47 09 01 00                                        G...
2024-06-07 20:58:43,345 Unknown packet received from Aion client: 0x01DF, state=IN_GAME 
0000: 47 09 01 00                                        G...
2024-06-07 20:58:43,459 Unknown packet received from Aion client: 0x01DF, state=IN_GAME 
0000: 47 09 01 00                                        G...
2024-06-07 20:58:43,568 Unknown packet received from Aion client: 0x01DF, state=IN_GAME 
0000: 47 09 01 00                                        G...
2024-06-07 20:58:43,672 Unknown packet received from Aion client: 0x01DF, state=IN_GAME 
0000: 47 09 01 00                                        G...
2024-06-07 20:58:43,781 Unknown packet received from Aion client: 0x01DF, state=IN_GAME 
0000: 47 09 01 00                                        G...
2024-06-07 20:58:43,891 Unknown packet received from Aion client: 0x01DF, state=IN_GAME 
0000: 47 09 01 00                                        G...
2024-06-07 20:58:44,000 Unknown packet received from Aion client: 0x01DF, state=IN_GAME 
0000: 47 09 01 00                                        G...
2024-06-07 20:58:44,111 Unknown packet received from Aion client: 0x01DF, state=IN_GAME 
0000: 47 09 01 00                                        G...
2024-06-07 20:58:44,225 Unknown packet received from Aion client: 0x01DF, state=IN_GAME 
0000: 47 09 01 00                                        G...
2024-06-07 20:58:44,327 Unknown packet received from Aion client: 0x01DF, state=IN_GAME 
0000: 47 09 01 00                                        G...
2024-06-07 20:58:44,437 Unknown packet received from Aion client: 0x01DF, state=IN_GAME 
0000: 47 09 01 00                                        G...
2024-06-07 20:58:44,553 Unknown packet received from Aion client: 0x01DF, state=IN_GAME 
0000: 47 09 01 00                                        G...
2024-06-07 20:58:44,554 Unknown packet received from Aion client: 0x01DF, state=IN_GAME 
0000: 47 09 01 00                                        G...
2024-06-07 20:58:44,658 Unknown packet received from Aion client: 0x01DF, state=IN_GAME 
0000: 47 09 01 00                                        G...
2024-06-07 20:58:44,769 Unknown packet received from Aion client: 0x01DF, state=IN_GAME 
0000: 47 09 01 00                                        G...
2024-06-07 20:58:44,876 Unknown packet received from Aion client: 0x01DF, state=IN_GAME 
0000: 47 09 01 00                                        G...
2024-06-07 20:58:44,983 Unknown packet received from Aion client: 0x01DF, state=IN_GAME 
0000: 47 09 01 00                                        G...
2024-06-07 20:58:45,092 Unknown packet received from Aion client: 0x01DF, state=IN_GAME 
0000: 47 09 01 00                                        G...
2024-06-07 20:58:45,202 Unknown packet received from Aion client: 0x01DF, state=IN_GAME 
0000: 47 09 01 00                                        G...
2024-06-07 20:58:45,318 Unknown packet received from Aion client: 0x01DF, state=IN_GAME 
0000: 47 09 01 00                                        G...
2024-06-07 20:58:45,421 Unknown packet received from Aion client: 0x01DF, state=IN_GAME 
0000: 47 09 01 00                                        G...
2024-06-07 20:58:45,532 Unknown packet received from Aion client: 0x01DF, state=IN_GAME 
0000: 47 09 01 00                                        G...
2024-06-07 20:58:45,641 Unknown packet received from Aion client: 0x01DF, state=IN_GAME 
0000: 47 09 01 00                                        G...
2024-06-07 20:58:45,750 Unknown packet received from Aion client: 0x01DF, state=IN_GAME 
0000: 47 09 01 00                                        G...
2024-06-07 20:58:45,861 Unknown packet received from Aion client: 0x01DF, state=IN_GAME 
0000: 47 09 01 00                                        G...
2024-06-07 20:58:45,970 Unknown packet received from Aion client: 0x01DF, state=IN_GAME 
0000: 47 09 01 00                                        G...
2024-06-07 20:58:45,971 Unknown packet received from Aion client: 0x01DF, state=IN_GAME 
0000: 47 09 01 00                                        G...
2024-06-07 20:58:46,078 Unknown packet received from Aion client: 0x01DF, state=IN_GAME 
0000: 47 09 01 00                                        G...
2024-06-07 20:58:46,187 Unknown packet received from Aion client: 0x01DF, state=IN_GAME 
0000: 47 09 01 00                                        G...
2024-06-07 20:58:46,302 Unknown packet received from Aion client: 0x01DF, state=IN_GAME 
0000: 47 09 01 00                                        G...
2024-06-07 20:58:46,406 Unknown packet received from Aion client: 0x01DF, state=IN_GAME 
0000: 47 09 01 00                                        G...
2024-06-07 20:58:46,520 Unknown packet received from Aion client: 0x01DF, state=IN_GAME 
0000: 47 09 01 00                                        G...
2024-06-07 20:58:46,625 Unknown packet received from Aion client: 0x01DF, state=IN_GAME 
0000: 47 09 01 00                                        G...
2024-06-07 20:58:46,739 Unknown packet received from Aion client: 0x01DF, state=IN_GAME 
0000: 47 09 01 00                                        G...
2024-06-07 20:58:46,842 Unknown packet received from Aion client: 0x01DF, state=IN_GAME 
0000: 47 09 01 00                                        G...
2024-06-07 20:58:46,953 Unknown packet received from Aion client: 0x01DF, state=IN_GAME 
0000: 47 09 01 00                                        G...
2024-06-07 20:58:47,068 Unknown packet received from Aion client: 0x01DF, state=IN_GAME 
0000: 47 09 01 00                                        G...
2024-06-07 20:58:47,176 Unknown packet received from Aion client: 0x01DF, state=IN_GAME 
0000: 47 09 01 00                                        G...
2024-06-07 20:58:47,285 Unknown packet received from Aion client: 0x01DF, state=IN_GAME 
0000: 47 09 01 00                                        G...
2024-06-07 20:58:47,286 Unknown packet received from Aion client: 0x01DF, state=IN_GAME 
0000: 47 09 01 00                                        G...
2024-06-07 20:58:47,391 Unknown packet received from Aion client: 0x01DF, state=IN_GAME 
0000: 47 09 01 00                                        G...
2024-06-07 20:58:47,506 Unknown packet received from Aion client: 0x01DF, state=IN_GAME 
0000: 47 09 01 00                                        G...
2024-06-07 20:58:47,614 Unknown packet received from Aion client: 0x01DF, state=IN_GAME 
0000: 47 09 01 00                                        G...
2024-06-07 20:58:47,726 Unknown packet received from Aion client: 0x01DF, state=IN_GAME 
0000: 47 09 01 00                                        G...
2024-06-07 20:58:47,827 Unknown packet received from Aion client: 0x01DF, state=IN_GAME 
0000: 47 09 01 00                                        G...
2024-06-07 20:58:47,940 Unknown packet received from Aion client: 0x01DF, state=IN_GAME 
0000: 47 09 01 00                                        G...
2024-06-07 20:58:48,047 Unknown packet received from Aion client: 0x01DF, state=IN_GAME 
0000: 47 09 01 00                                        G...
2024-06-07 20:58:48,157 Unknown packet received from Aion client: 0x01DF, state=IN_GAME 
0000: 47 09 01 00                                        G...
2024-06-07 20:58:48,266 Unknown packet received from Aion client: 0x01DF, state=IN_GAME 
0000: 47 09 01 00                                        G...
2024-06-07 20:58:48,376 Unknown packet received from Aion client: 0x01DF, state=IN_GAME 
0000: 47 09 01 00                                        G...
2024-06-07 20:58:48,482 Unknown packet received from Aion client: 0x01DF, state=IN_GAME 
0000: 47 09 01 00                                        G...
2024-06-07 20:58:48,593 Unknown packet received from Aion client: 0x01DF, state=IN_GAME 
0000: 47 09 01 00                                        G...
2024-06-07 20:58:48,705 Unknown packet received from Aion client: 0x01DF, state=IN_GAME 
0000: 47 09 01 00                                        G...
2024-06-07 20:58:48,706 Unknown packet received from Aion client: 0x01DF, state=IN_GAME 
0000: 47 09 01 00                                        G...
2024-06-07 20:58:48,815 Unknown packet received from Aion client: 0x01DF, state=IN_GAME 
0000: 47 09 01 00                                        G...
2024-06-07 20:58:48,932 Unknown packet received from Aion client: 0x01DF, state=IN_GAME 
0000: 47 09 01 00                                        G...
2024-06-07 20:58:49,035 Unknown packet received from Aion client: 0x01DF, state=IN_GAME 
0000: 47 09 01 00                                        G...
2024-06-07 20:58:49,144 Unknown packet received from Aion client: 0x01DF, state=IN_GAME 
0000: 47 09 01 00                                        G...
2024-06-07 20:58:49,257 Unknown packet received from Aion client: 0x01DF, state=IN_GAME 
0000: 47 09 01 00                                        G...
2024-06-07 20:58:49,368 Unknown packet received from Aion client: 0x01DF, state=IN_GAME 
0000: 47 09 01 00                                        G...
2024-06-07 20:58:49,477 Unknown packet received from Aion client: 0x01DF, state=IN_GAME 
0000: 47 09 01 00                                        G...
2024-06-07 20:58:49,581 Unknown packet received from Aion client: 0x01DF, state=IN_GAME 
0000: 47 09 01 00                                        G...
2024-06-07 20:58:49,692 Unknown packet received from Aion client: 0x01DF, state=IN_GAME 
0000: 47 09 01 00                                        G...
2024-06-07 20:58:49,797 Unknown packet received from Aion client: 0x01DF, state=IN_GAME 
0000: 47 09 01 00                                        G...
2024-06-07 20:58:49,907 Unknown packet received from Aion client: 0x01DF, state=IN_GAME 
0000: 47 09 01 00                                        G...
2024-06-07 20:58:49,907 Unknown packet received from Aion client: 0x01DF, state=IN_GAME 
0000: 47 09 01 00                                        G...
2024-06-07 20:58:50,017 Unknown packet received from Aion client: 0x01DF, state=IN_GAME 
0000: 47 09 01 00                                        G...
2024-06-07 20:58:50,126 Unknown packet received from Aion client: 0x01DF, state=IN_GAME 
0000: 47 09 01 00                                        G...
2024-06-07 20:58:50,237 Unknown packet received from Aion client: 0x01DF, state=IN_GAME 
0000: 47 09 01 00                                        G...
2024-06-07 20:58:50,343 Unknown packet received from Aion client: 0x01DF, state=IN_GAME 
0000: 47 09 01 00                                        G...
2024-06-07 20:58:50,454 Unknown packet received from Aion client: 0x01DF, state=IN_GAME 
0000: 47 09 01 00                                        G...
2024-06-07 20:58:50,562 Unknown packet received from Aion client: 0x01DF, state=IN_GAME 
0000: 47 09 01 00                                        G...
2024-06-07 20:58:50,676 Unknown packet received from Aion client: 0x01DF, state=IN_GAME 
0000: 47 09 01 00                                        G...
2024-06-07 20:58:50,782 Unknown packet received from Aion client: 0x01DF, state=IN_GAME 
0000: 47 09 01 00                                        G...
2024-06-07 20:58:50,898 Unknown packet received from Aion client: 0x01DF, state=IN_GAME 
0000: 47 09 01 00                                        G...
2024-06-07 20:58:51,002 Unknown packet received from Aion client: 0x01DF, state=IN_GAME 
0000: 47 09 01 00                                        G...
2024-06-07 20:58:51,109 Unknown packet received from Aion client: 0x01DF, state=IN_GAME 
0000: 47 09 01 00                                        G...
2024-06-07 20:58:51,220 Unknown packet received from Aion client: 0x01DF, state=IN_GAME 
0000: 47 09 01 00                                        G...
2024-06-07 20:58:51,220 Unknown packet received from Aion client: 0x01DF, state=IN_GAME 
0000: 47 09 01 00                                        G...
2024-06-07 20:58:51,332 Unknown packet received from Aion client: 0x01DF, state=IN_GAME 
0000: 47 09 01 00                                        G...
2024-06-07 20:58:51,439 Unknown packet received from Aion client: 0x01DF, state=IN_GAME 
0000: 47 09 01 00                                        G...
2024-06-07 20:58:51,550 Unknown packet received from Aion client: 0x01DF, state=IN_GAME 
0000: 47 09 01 00                                        G...
2024-06-07 20:58:51,659 Unknown packet received from Aion client: 0x01DF, state=IN_GAME 
0000: 47 09 01 00                                        G...
2024-06-07 20:58:51,765 Unknown packet received from Aion client: 0x01DF, state=IN_GAME 
0000: 47 09 01 00                                        G...
2024-06-07 20:58:51,875 Unknown packet received from Aion client: 0x01DF, state=IN_GAME 
0000: 47 09 01 00                                        G...
2024-06-07 20:58:51,984 Unknown packet received from Aion client: 0x01DF, state=IN_GAME 
0000: 47 09 01 00                                        G...
2024-06-07 20:58:52,093 Unknown packet received from Aion client: 0x01DF, state=IN_GAME 
0000: 47 09 01 00                                        G...
2024-06-07 20:58:52,204 Unknown packet received from Aion client: 0x01DF, state=IN_GAME 
0000: 47 09 01 00                                        G...
2024-06-07 20:58:52,315 Unknown packet received from Aion client: 0x01DF, state=IN_GAME 
0000: 47 09 01 00                                        G...
2024-06-07 20:58:52,428 Unknown packet received from Aion client: 0x01DF, state=IN_GAME 
0000: 47 09 01 00                                        G...
2024-06-07 20:58:52,539 Unknown packet received from Aion client: 0x01DF, state=IN_GAME 
0000: 47 09 01 00                                        G...
2024-06-07 20:58:52,540 Unknown packet received from Aion client: 0x01DF, state=IN_GAME 
0000: 47 09 01 00                                        G...
2024-06-07 20:58:52,643 Unknown packet received from Aion client: 0x01DF, state=IN_GAME 
0000: 47 09 01 00                                        G...
2024-06-07 20:58:52,749 Unknown packet received from Aion client: 0x01DF, state=IN_GAME 
0000: 47 09 01 00                                        G...
2024-06-07 20:58:52,861 Unknown packet received from Aion client: 0x01DF, state=IN_GAME 
0000: 47 09 01 00                                        G...
2024-06-07 20:58:52,975 Unknown packet received from Aion client: 0x01DF, state=IN_GAME 
0000: 47 09 01 00                                        G...
2024-06-07 20:58:53,081 Unknown packet received from Aion client: 0x01DF, state=IN_GAME 
0000: 47 09 01 00                                        G...
2024-06-07 20:58:53,191 Unknown packet received from Aion client: 0x01DF, state=IN_GAME 
0000: 47 09 01 00                                        G...
2024-06-07 20:58:53,302 Unknown packet received from Aion client: 0x01DF, state=IN_GAME 
0000: 47 09 01 00                                        G...
2024-06-07 20:58:53,417 Unknown packet received from Aion client: 0x01DF, state=IN_GAME 
0000: 47 09 01 00                                        G...
2024-06-07 20:58:53,516 Unknown packet received from Aion client: 0x01DF, state=IN_GAME 
0000: 47 09 01 00                                        G...
2024-06-07 20:58:53,631 Unknown packet received from Aion client: 0x01DF, state=IN_GAME 
0000: 47 09 01 00                                        G...
2024-06-07 20:58:53,741 Unknown packet received from Aion client: 0x01DF, state=IN_GAME 
0000: 47 09 01 00                                        G...
2024-06-07 20:58:53,845 Unknown packet received from Aion client: 0x01DF, state=IN_GAME 
0000: 47 09 01 00                                        G...
2024-06-07 20:58:53,988 Unknown packet received from Aion client: 0x01DF, state=IN_GAME 
0000: 47 09 01 00                                        G...
2024-06-07 20:58:53,988 Unknown packet received from Aion client: 0x01DF, state=IN_GAME 
0000: 47 09 01 00                                        G...
2024-06-07 20:58:54,063 Unknown packet received from Aion client: 0x01DF, state=IN_GAME 
0000: 47 09 01 00                                        G...
2024-06-07 20:58:54,173 Unknown packet received from Aion client: 0x01DF, state=IN_GAME 
0000: 47 09 01 00                                        G...
2024-06-07 20:58:54,282 Unknown packet received from Aion client: 0x01DF, state=IN_GAME 
0000: 47 09 01 00                                        G...
2024-06-07 20:58:54,394 Unknown packet received from Aion client: 0x01DF, state=IN_GAME 
0000: 47 09 01 00                                        G...
2024-06-07 20:58:54,505 Unknown packet received from Aion client: 0x01DF, state=IN_GAME 
0000: 47 09 01 00                                        G...
2024-06-07 20:58:54,612 Unknown packet received from Aion client: 0x01DF, state=IN_GAME 
0000: 47 09 01 00                                        G...
2024-06-07 20:58:54,720 Unknown packet received from Aion client: 0x01DF, state=IN_GAME 
0000: 47 09 01 00                                        G...
2024-06-07 20:58:54,831 Unknown packet received from Aion client: 0x01DF, state=IN_GAME 
0000: 47 09 01 00                                        G...
2024-06-07 20:58:54,938 Unknown packet received from Aion client: 0x01DF, state=IN_GAME 
0000: 47 09 01 00                                        G...
2024-06-07 20:58:55,049 Unknown packet received from Aion client: 0x01DF, state=IN_GAME 
0000: 47 09 01 00                                        G...
2024-06-07 20:58:55,158 Unknown packet received from Aion client: 0x01DF, state=IN_GAME 
0000: 47 09 01 00                                        G...
2024-06-07 20:58:55,159 Unknown packet received from Aion client: 0x01DF, state=IN_GAME 
0000: 47 09 01 00                                        G...
2024-06-07 20:58:55,265 Unknown packet received from Aion client: 0x01DF, state=IN_GAME 
0000: 47 09 01 00                                        G...
2024-06-07 20:58:55,376 Unknown packet received from Aion client: 0x01DF, state=IN_GAME 
0000: 47 09 01 00                                        G...
2024-06-07 20:58:55,485 Unknown packet received from Aion client: 0x01DF, state=IN_GAME 
0000: 47 09 01 00                                        G...
2024-06-07 20:58:55,599 Unknown packet received from Aion client: 0x01DF, state=IN_GAME 
0000: 47 09 01 00                                        G...
2024-06-07 20:58:55,704 Unknown packet received from Aion client: 0x01DF, state=IN_GAME 
0000: 47 09 01 00                                        G...
2024-06-07 20:58:55,817 Unknown packet received from Aion client: 0x01DF, state=IN_GAME 
0000: 47 09 01 00                                        G...
2024-06-07 20:58:55,921 Unknown packet received from Aion client: 0x01DF, state=IN_GAME 
0000: 47 09 01 00                                        G...
2024-06-07 20:58:56,034 Unknown packet received from Aion client: 0x01DF, state=IN_GAME 
0000: 47 09 01 00                                        G...
2024-06-07 20:58:56,144 Unknown packet received from Aion client: 0x01DF, state=IN_GAME 
0000: 47 09 01 00                                        G...
2024-06-07 20:58:56,253 Unknown packet received from Aion client: 0x01DF, state=IN_GAME 
0000: 47 09 01 00                                        G...
2024-06-07 20:58:56,363 Unknown packet received from Aion client: 0x01DF, state=IN_GAME 
0000: 47 09 01 00                                        G...
2024-06-07 20:58:56,472 Unknown packet received from Aion client: 0x01DF, state=IN_GAME 
0000: 47 09 01 00                                        G...
2024-06-07 20:58:56,472 Unknown packet received from Aion client: 0x01DF, state=IN_GAME 
0000: 47 09 01 00                                        G...
2024-06-07 20:58:56,579 Unknown packet received from Aion client: 0x01DF, state=IN_GAME 
0000: 47 09 01 00                                        G...
2024-06-07 20:58:56,686 Unknown packet received from Aion client: 0x01DF, state=IN_GAME 
0000: 47 09 01 00                                        G...
2024-06-07 20:58:56,795 Unknown packet received from Aion client: 0x01DF, state=IN_GAME 
0000: 47 09 01 00                                        G...
2024-06-07 20:58:56,906 Unknown packet received from Aion client: 0x01DF, state=IN_GAME 
0000: 47 09 01 00                                        G...
